00:00:00.002365 main     VirtualBox COM Server 6.1.22 r144080 win.amd64 (Apr 28 2021 17:23:11) release log
00:00:00.002368 main     Log opened 2021-05-12T19:15:30.572950800Z
00:00:00.002369 main     Build Type: release
00:00:00.002372 main     OS Product: Windows 10
00:00:00.002373 main     OS Release: 10.0.19041
00:00:00.002373 main     OS Service Pack: 
00:00:00.018390 main     DMI Product Name: Nitro AN515-44
00:00:00.028476 main     DMI Product Version: V1.02
00:00:00.028487 main     Firmware type: UEFI
00:00:00.028715 main     Secure Boot: VERR_PRIVILEGE_NOT_HELD
00:00:00.028730 main     Host RAM: 7549MB (7.3GB) total, 1585MB available
00:00:00.028733 main     Executable: C:\Program Files\Oracle\VirtualBox\VBoxSVC.exe
00:00:00.028734 main     Process ID: 1376
00:00:00.028734 main     Package type: WINDOWS_64BITS_GENERIC
00:00:00.080115          VirtualBox: object creation starts
00:00:00.080341          Home directory: 'C:\Users\SUR_YX\.VirtualBox'
00:00:00.080490          Installed Drivers:
00:00:00.082300            C:\Windows\system32\DRIVERS\VBoxNetLwf.sys (Version: 6.1.22.44080)
00:00:00.083889            C:\Windows\system32\DRIVERS\VBoxUSBMon.sys (Version: 6.1.22.44080)
00:00:00.084583            C:\Windows\system32\DRIVERS\VBoxDrv.sys (Version: 6.1.22.44080)
00:00:00.085758            C:\Windows\system32\DRIVERS\VBoxNetAdp6.sys (Version: 6.1.22.44080)
00:00:00.092145          Loading settings file "C:\Users\SUR_YX\.VirtualBox\VirtualBox.xml" with version "1.12-windows"
00:00:00.094613          usbLibGetDevices: Starting USB device enumeration
00:00:00.094741          Getting USB descriptor (id 0) failed (dwErr=31) on hub USB#ROOT_HUB30#5&14f44f42&0&0#{f18a0e88-c30c-11d0-8815-00a0c906bed8} port 4
00:00:00.099529          Getting USB descriptor (id 0) failed (dwErr=31) on hub USB#ROOT_HUB30#5&37f5f19f&0&0#{f18a0e88-c30c-11d0-8815-00a0c906bed8} port 3
00:00:00.100942          usbLibGetDevices: Found 3 USB devices, 0 captured
00:00:00.100990          USB: Unknown USB device detected (idVendor: 0x0408, idProduct: 0xa061)
00:00:00.101029          USB: Unknown USB device detected (idVendor: 0x8087, idProduct: 0x0029)
00:00:00.193958          HostDnsMonitor: initializing
00:00:00.201181          HostDnsMonitor: updating information
00:00:00.201222          HostDnsMonitor: old information
00:00:00.201223            no server entries
00:00:00.201224            no domain set
00:00:00.201224            no search string entries
00:00:00.201225          HostDnsMonitor: new information
00:00:00.201225            server 1: 192.168.43.1
00:00:00.201226            no domain set
00:00:00.201226            no search string entries
00:00:00.202781          VD: VDInit finished with VINF_SUCCESS
00:00:00.203619          VirtualBox: object created
00:00:32.683847          Saving settings file "C:\Users\SUR_YX\.VirtualBox\VirtualBox.xml" with version "1.12-windows"
00:00:32.687943          Saving settings file "C:\Users\SUR_YX\.VirtualBox\VirtualBox.xml" with version "1.12-windows"
00:00:38.217391 main     VirtualBox: object deletion starts
00:00:38.218204 main     HostDnsMonitor: shutting down ...
00:00:38.218250 main     HostDnsMonitor: shut down
00:00:38.222834 Watcher  ERROR [COM]: aRC=E_ACCESSDENIED (0x80070005) aIID={d0a0163f-e254-4e5b-a1f2-011cf991c38d} aComponent={VirtualBoxWrap} aText={The object is not ready}, preserve=false aResultDetail=0
00:00:38.224094 main     VirtualBox: object deleted
